0 info it worked if it ends with ok
1 verbose cli [ '/Users/liangduan/.tnvm/versions/node/v6.9.2/bin/node',
1 verbose cli   '/Users/liangduan/.tnvm/versions/node/v6.9.2/bin/npm',
1 verbose cli   'run',
1 verbose cli   'test:js' ]
2 info using npm@3.10.9
3 info using node@v6.9.2
4 verbose run-script [ 'pretest:js', 'test:js', 'posttest:js' ]
5 info lifecycle kcpuv@1.0.0~pretest:js: kcpuv@1.0.0
6 silly lifecycle kcpuv@1.0.0~pretest:js: no script for pretest:js, continuing
7 info lifecycle kcpuv@1.0.0~test:js: kcpuv@1.0.0
8 verbose lifecycle kcpuv@1.0.0~test:js: unsafe-perm in lifecycle true
9 verbose lifecycle kcpuv@1.0.0~test:js: PATH: /Users/liangduan/.tnvm/versions/node/v6.9.2/lib/node_modules/npm/bin/node-gyp-bin:/Users/liangduan/code/github/kcpuv/node_modules/.bin:/Users/liangduan/.tnvm/versions/node/v6.9.2/bin:/usr/local/bin:/usr/bin:/bin:/usr/sbin:/sbin:/opt/X11/bin:/usr/local/go/bin
10 verbose lifecycle kcpuv@1.0.0~test:js: CWD: /Users/liangduan/code/github/kcpuv
11 silly lifecycle kcpuv@1.0.0~test:js: Args: [ '-c', 'jest' ]
12 silly lifecycle kcpuv@1.0.0~test:js: Returned: code: 255  signal: null
13 info lifecycle kcpuv@1.0.0~test:js: Failed to exec test:js script
14 verbose stack Error: kcpuv@1.0.0 test:js: `jest`
14 verbose stack Exit status 255
14 verbose stack     at EventEmitter.<anonymous> (/Users/liangduan/.tnvm/versions/node/v6.9.2/lib/node_modules/npm/lib/utils/lifecycle.js:255:16)
14 verbose stack     at emitTwo (events.js:106:13)
14 verbose stack     at EventEmitter.emit (events.js:191:7)
14 verbose stack     at ChildProcess.<anonymous> (/Users/liangduan/.tnvm/versions/node/v6.9.2/lib/node_modules/npm/lib/utils/spawn.js:40:14)
14 verbose stack     at emitTwo (events.js:106:13)
14 verbose stack     at ChildProcess.emit (events.js:191:7)
14 verbose stack     at maybeClose (internal/child_process.js:877:16)
14 verbose stack     at Process.ChildProcess._handle.onexit (internal/child_process.js:226:5)
15 verbose pkgid kcpuv@1.0.0
16 verbose cwd /Users/liangduan/code/github/kcpuv
17 error Darwin 15.6.0
18 error argv "/Users/liangduan/.tnvm/versions/node/v6.9.2/bin/node" "/Users/liangduan/.tnvm/versions/node/v6.9.2/bin/npm" "run" "test:js"
19 error node v6.9.2
20 error npm  v3.10.9
21 error code ELIFECYCLE
22 error kcpuv@1.0.0 test:js: `jest`
22 error Exit status 255
23 error Failed at the kcpuv@1.0.0 test:js script 'jest'.
23 error Make sure you have the latest version of node.js and npm installed.
23 error If you do, this is most likely a problem with the kcpuv package,
23 error not with npm itself.
23 error Tell the author that this fails on your system:
23 error     jest
23 error You can get information on how to open an issue for this project with:
23 error     npm bugs kcpuv
23 error Or if that isn't available, you can get their info via:
23 error     npm owner ls kcpuv
23 error There is likely additional logging output above.
24 verbose exit [ 1, true ]
